<?xml version="1.0" encoding="UTF-8"?>
<testng-results skipped="0" failed="0" total="1" passed="1">
  <reporter-output>
  </reporter-output>
  <suite name="Default suite" duration-ms="298" started-at="2015-10-24T11:30:23Z" finished-at="2015-10-24T11:30:24Z">
    <groups>
    </groups>
    <test name="Default test" duration-ms="298" started-at="2015-10-24T11:30:23Z" finished-at="2015-10-24T11:30:24Z">
      <class name="hu.qwaevisz.school.ejbservice.facade.MarkFacadeImplTest">
        <test-method status="PASS" signature="setup()[pri:0, instance:hu.qwaevisz.school.ejbservice.facade.MarkFacadeImplTest@2ed37507]" name="setup" is-config="true" duration-ms="222" started-at="2015-10-24T13:30:23Z" finished-at="2015-10-24T13:30:24Z">
          <reporter-output>
          </reporter-output>
        </test-method> <!-- setup -->
        <test-method status="PASS" signature="createListOfMarkDetailsFromSubjectName()[pri:0, instance:hu.qwaevisz.school.ejbservice.facade.MarkFacadeImplTest@2ed37507]" name="createListOfMarkDetailsFromSubjectName" duration-ms="59" started-at="2015-10-24T13:30:24Z" finished-at="2015-10-24T13:30:24Z">
          <reporter-output>
          </reporter-output>
        </test-method> <!-- createListOfMarkDetailsFromSubjectName -->
      </class> <!-- hu.qwaevisz.school.ejbservice.facade.MarkFacadeImplTest -->
    </test> <!-- Default test -->
  </suite> <!-- Default suite -->
</testng-results>
